Arguments: 
  C:\Program Files\nodejs\node.exe C:\Users\wbspq\AppData\Roaming\npm\node_modules\yarn\bin\yarn.js install

PATH: 
  C:\Program Files (x86)\Common Files\Intel\Shared Libraries\redist\intel64\compiler;C:\Program Files\Common Files\Oracle\Java\javapath;C:\Program Files\NVIDIA GPU Computing Toolkit\CUDA\v11.1\bin;C:\Program Files\NVIDIA GPU Computing Toolkit\CUDA\v11.1\libnvvp;C:\Program Files (x86)\NVIDIA Corporation\PhysX\Common;C:\Program Files (x86)\Common Files\Oracle\Java\javapath;C:\WINDOWS\system32;C:\WINDOWS;C:\WINDOWS\System32\Wbem;C:\WINDOWS\System32\WindowsPowerShell\v1.0\;C:\WINDOWS\System32\OpenSSH\;C:\opencv4.4.0\build\install\x64\vc16\bin;C:\Program Files\Git\cmd;C:\Program Files\nodejs\;C:\ProgramData\chocolatey\bin;C:\Program Files\Java\jdk-15.0.2\bin;C:\apache-maven-3.6.3\bin;;C:\WINDOWS\system32;C:\WINDOWS;C:\WINDOWS\System32\Wbem;C:\WINDOWS\System32\WindowsPowerShell\v1.0\;C:\WINDOWS\System32\OpenSSH\;C:\Users\wbspq\anaconda3;C:\Users\wbspq\anaconda3\Library\mingw-w64\bin;C:\Users\wbspq\anaconda3\Library\usr\bin;C:\Users\wbspq\anaconda3\Library\bin;C:\Users\wbspq\anaconda3\Scripts;C:\Users\wbspq\AppData\Local\Microsoft\WindowsApps;C:\Program Files\Bandizip\;C:\flutter\flutter\bin;C:\Users\wbspq\AppData\Local\atom\bin;C:\Users\wbspq\AppData\Roaming\npm;C:\Users\wbspq\AppData\Local\Programs\Microsoft VS Code\bin;C:\ffmpeg-2021-01-05-git-66deab3a26-full_build\bin;;%USERPROFILE%\AppData\Local\Microsoft\WindowsApps

Yarn version: 
  1.22.10

Node version: 
  14.15.3

Platform: 
  win32 x64

Trace: 
  SyntaxError: C:\vegetarian\package.json: Unexpected token < in JSON at position 239
      at JSON.parse (<anonymous>)
      at C:\Users\wbspq\AppData\Roaming\npm\node_modules\yarn\lib\cli.js:1625:59
      at Generator.next (<anonymous>)
      at step (C:\Users\wbspq\AppData\Roaming\npm\node_modules\yarn\lib\cli.js:310:30)
      at C:\Users\wbspq\AppData\Roaming\npm\node_modules\yarn\lib\cli.js:321:13

npm manifest: 
  {
    "main": "node_modules/expo/AppEntry.js",
    "scripts": {
      "start": "expo start",
      "android": "expo start --android",
      "ios": "expo start --ios",
      "web": "expo start --web",
      "eject": "expo eject"
    },
    "dependencies": {
  <<<<<<< HEAD
      "@react-native-async-storage/async-storage": "^1.13.0",
      "@react-native-picker/picker": "^1.16.1",
  =======
      "@react-native-picker/picker": "^1.16.0",
  >>>>>>> eb10f73ff0de6513d29ea88302dac870a2fed6c3
      "@react-navigation/bottom-tabs": "^5.11.10",
      "@react-navigation/material-bottom-tabs": "^5.3.15",
      "@react-navigation/native": "^5.9.4",
      "@react-navigation/stack": "^5.14.4",
      "expo": "~41.0.1",
      "expo-camera": "~11.0.2",
      "expo-image-picker": "~10.1.4",
      "expo-linear-gradient": "^9.1.0",
      "expo-splash-screen": "~0.10.2",
      "expo-status-bar": "~1.0.4",
      "firebase": "8.2.3",
  <<<<<<< HEAD
      "pod-install": "^0.1.23",
      "prop-types": "^15.7.2",
      "react": "17.0.1",
  =======
      "react": "16.13.1",
  >>>>>>> eb10f73ff0de6513d29ea88302dac870a2fed6c3
      "react-dom": "16.13.1",
      "react-native": "https://github.com/expo/react-native/archive/sdk-41.0.0.tar.gz",
      "react-native-action-button": "^2.8.5",
      "react-native-anchor-carousel": "^3.1.2",
      "react-native-bottom-drawer-view": "^1.0.2",
      "react-native-gesture-handler": "^1.10.3",
      "react-native-linear-gradient": "^2.5.6",
      "react-native-paper": "^4.8.1",
      "react-native-reanimated": "^2.1.0",
      "react-native-screens": "~3.0.0",
      "react-native-snap-carousel": "^3.9.1",
      "react-native-vector-icons": "^8.1.0",
      "react-native-web": "~0.13.12",
  <<<<<<< HEAD
      "react-navigation": "^4.4.4",
  =======
  >>>>>>> eb10f73ff0de6513d29ea88302dac870a2fed6c3
      "react-redux": "^7.2.4",
      "reanimated-bottom-sheet": "^1.0.0-alpha.22",
      "redux": "^4.1.0",
      "redux-thunk": "^2.3.0"
    },
    "devDependencies": {
      "@babel/core": "^7.9.0"
    },
    "private": true
  }

yarn manifest: 
  No manifest

Lockfile: 
  No lockfile
